<?xml version="1.0" encoding="UTF-8"?>
<!-- Generated by org.testng.reporters.JUnitReportReporter -->
<testsuite skipped="0" hostname="LAPTOP-4P252GTC" name="Tests.SearchTest" tests="2" failures="0" timestamp="2021-01-16T04:14:09 EET" time="27.042" errors="0">
  <testcase name="openSearchPageResults" time="24.534" classname="Tests.SearchTest"/>
  <system-out/>
  <testcase name="openHomePage" time="2.508" classname="Tests.SearchTest"/>
  <system-out/>
</testsuite> <!-- Tests.SearchTest -->
