<?xml version="1.0" encoding="UTF-8"?>
<!-- Generated by org.testng.reporters.JUnitReportReporter -->
<testsuite skipped="0" hostname="LAPTOP-4P252GTC" name="Tests.WorksheetSectionTest" tests="4" failures="0" timestamp="2021-01-16T04:17:52 EET" time="20.632" errors="0">
  <testcase name="openSecondLink" time="3.278" classname="Tests.WorksheetSectionTest"/>
  <system-out/>
  <testcase name="openSearchPageResults" time="11.122" classname="Tests.WorksheetSectionTest"/>
  <system-out/>
  <testcase name="openSheetPage" time="4.223" classname="Tests.WorksheetSectionTest"/>
  <system-out/>
  <testcase name="openHomePage" time="2.009" classname="Tests.WorksheetSectionTest"/>
  <system-out/>
</testsuite> <!-- Tests.WorksheetSectionTest -->
