<?xml version="1.0" encoding="UTF-8"?>
<!-- Generated by org.testng.reporters.JUnitReportReporter -->
<testsuite skipped="0" hostname="LAPTOP-4P252GTC" name="Tests.LanguagePageTest" tests="1" failures="0" timestamp="2021-01-16T04:12:10 EET" time="1.365" errors="0">
  <testcase name="selectLang" time="1.365" classname="Tests.LanguagePageTest"/>
  <system-out/>
</testsuite> <!-- Tests.LanguagePageTest -->
