<?xml version="1.0" encoding="UTF-8"?>
<!-- Generated by org.testng.reporters.JUnitReportReporter -->
<testsuite skipped="0" hostname="LAPTOP-4P252GTC" name="Tests.SelectSearchLinkTest" tests="3" failures="0" timestamp="2021-01-16T04:16:07 EET" time="15.423" errors="0">
  <testcase name="openSecondLink" time="2.866" classname="Tests.SelectSearchLinkTest"/>
  <system-out/>
  <testcase name="openSearchPageResults" time="10.246" classname="Tests.SelectSearchLinkTest"/>
  <system-out/>
  <testcase name="openHomePage" time="2.311" classname="Tests.SelectSearchLinkTest"/>
  <system-out/>
</testsuite> <!-- Tests.SelectSearchLinkTest -->
